<?xml version="1.0" encoding="UTF-8"?>
<!-- Generated by org.testng.reporters.JUnitXMLReporter -->
<testsuite hostname="Poe" name="Default test" tests="2" failures="0" timestamp="8 Mar 2018 23:09:24 GMT" time="29.326" errors="0">
  <testcase name="testSuccessfulLogin" time="24.662" classname="com.globant.bootcamp.twitter.login.TwitterLoginTestSuite"/>
  <testcase name="testSuccessfulPosting" time="4.635" classname="com.globant.bootcamp.twitter.login.TwitterLoginTestSuite"/>
</testsuite> <!-- Default test -->
