<?xml version="1.0" encoding="UTF-8"?>
<testng-results skipped="0" failed="0" total="1" passed="1">
  <reporter-output>
  </reporter-output>
  <suite name="Default suite" duration-ms="36130" started-at="2018-03-11T22:45:59Z" finished-at="2018-03-11T22:46:35Z">
    <groups>
    </groups>
    <test name="Default test" duration-ms="36130" started-at="2018-03-11T22:45:59Z" finished-at="2018-03-11T22:46:35Z">
      <class name="com.glb.bootcamp.test.hotelTestSuite">
        <test-method status="PASS" signature="suiteSetUp()[pri:0, instance:com.glb.bootcamp.test.hotelTestSuite@14bf9759]" name="suiteSetUp" is-config="true" duration-ms="616" started-at="2018-03-11T17:45:59Z" finished-at="2018-03-11T17:46:00Z">
          <reporter-output>
          </reporter-output>
        </test-method> <!-- suiteSetUp -->
        <test-method status="PASS" signature="testSetUp()[pri:0, instance:com.glb.bootcamp.test.hotelTestSuite@14bf9759]" name="testSetUp" is-config="true" duration-ms="7380" started-at="2018-03-11T17:46:00Z" finished-at="2018-03-11T17:46:07Z">
          <reporter-output>
          </reporter-output>
        </test-method> <!-- testSetUp -->
        <test-method status="PASS" signature="searchHotel()[pri:0, instance:com.glb.bootcamp.test.hotelTestSuite@14bf9759]" name="searchHotel" duration-ms="27264" started-at="2018-03-11T17:46:07Z" finished-at="2018-03-11T17:46:34Z">
          <reporter-output>
          </reporter-output>
        </test-method> <!-- searchHotel -->
        <test-method status="PASS" signature="testTearDown()[pri:0, instance:com.glb.bootcamp.test.hotelTestSuite@14bf9759]" name="testTearDown" is-config="true" duration-ms="174" started-at="2018-03-11T17:46:34Z" finished-at="2018-03-11T17:46:34Z">
          <reporter-output>
          </reporter-output>
        </test-method> <!-- testTearDown -->
        <test-method status="PASS" signature="suiteTearDown()[pri:0, instance:com.glb.bootcamp.test.hotelTestSuite@14bf9759]" name="suiteTearDown" is-config="true" duration-ms="668" started-at="2018-03-11T17:46:34Z" finished-at="2018-03-11T17:46:35Z">
          <reporter-output>
          </reporter-output>
        </test-method> <!-- suiteTearDown -->
      </class> <!-- com.glb.bootcamp.test.hotelTestSuite -->
    </test> <!-- Default test -->
  </suite> <!-- Default suite -->
</testng-results>
