<?xml version="1.0" encoding="UTF-8"?>
<testng-results skipped="0" failed="0" total="1" passed="1">
  <reporter-output>
  </reporter-output>
  <suite name="Default suite" duration-ms="36139" started-at="2018-03-11T14:19:38Z" finished-at="2018-03-11T14:20:14Z">
    <groups>
    </groups>
    <test name="Default test" duration-ms="36139" started-at="2018-03-11T14:19:38Z" finished-at="2018-03-11T14:20:14Z">
      <class name="com.glb.bootcamp.test.hotelTestSuite">
        <test-method status="PASS" signature="suiteSetUp()[pri:0, instance:com.glb.bootcamp.test.hotelTestSuite@57fffcd7]" name="suiteSetUp" is-config="true" duration-ms="648" started-at="2018-03-11T09:19:38Z" finished-at="2018-03-11T09:19:38Z">
          <reporter-output>
          </reporter-output>
        </test-method> <!-- suiteSetUp -->
        <test-method status="PASS" signature="testSetUp()[pri:0, instance:com.glb.bootcamp.test.hotelTestSuite@57fffcd7]" name="testSetUp" is-config="true" duration-ms="7041" started-at="2018-03-11T09:19:38Z" finished-at="2018-03-11T09:19:45Z">
          <reporter-output>
          </reporter-output>
        </test-method> <!-- testSetUp -->
        <test-method status="PASS" signature="searchHotel()[pri:0, instance:com.glb.bootcamp.test.hotelTestSuite@57fffcd7]" name="searchHotel" duration-ms="27581" started-at="2018-03-11T09:19:45Z" finished-at="2018-03-11T09:20:13Z">
          <reporter-output>
          </reporter-output>
        </test-method> <!-- searchHotel -->
        <test-method status="PASS" signature="testTearDown()[pri:0, instance:com.glb.bootcamp.test.hotelTestSuite@57fffcd7]" name="testTearDown" is-config="true" duration-ms="150" started-at="2018-03-11T09:20:13Z" finished-at="2018-03-11T09:20:13Z">
          <reporter-output>
          </reporter-output>
        </test-method> <!-- testTearDown -->
        <test-method status="PASS" signature="suiteTearDown()[pri:0, instance:com.glb.bootcamp.test.hotelTestSuite@57fffcd7]" name="suiteTearDown" is-config="true" duration-ms="706" started-at="2018-03-11T09:20:13Z" finished-at="2018-03-11T09:20:14Z">
          <reporter-output>
          </reporter-output>
        </test-method> <!-- suiteTearDown -->
      </class> <!-- com.glb.bootcamp.test.hotelTestSuite -->
    </test> <!-- Default test -->
  </suite> <!-- Default suite -->
</testng-results>
