<?xml version="1.0" encoding="UTF-8"?>
<testng-results skipped="0" failed="1" total="1" passed="0">
  <reporter-output>
  </reporter-output>
  <suite name="Default suite" duration-ms="22105" started-at="2018-03-09T11:06:11Z" finished-at="2018-03-09T11:06:33Z">
    <groups>
    </groups>
    <test name="Default test" duration-ms="22105" started-at="2018-03-09T11:06:11Z" finished-at="2018-03-09T11:06:33Z">
      <class name="com.glb.bootcamp.test.hotelTestSuite">
        <test-method status="PASS" signature="suiteSetUp()[pri:0, instance:com.glb.bootcamp.test.hotelTestSuite@57fffcd7]" name="suiteSetUp" is-config="true" duration-ms="824" started-at="2018-03-09T06:06:11Z" finished-at="2018-03-09T06:06:12Z">
          <reporter-output>
          </reporter-output>
        </test-method> <!-- suiteSetUp -->
        <test-method status="PASS" signature="testSetUp()[pri:0, instance:com.glb.bootcamp.test.hotelTestSuite@57fffcd7]" name="testSetUp" is-config="true" duration-ms="8401" started-at="2018-03-09T06:06:12Z" finished-at="2018-03-09T06:06:20Z">
          <reporter-output>
          </reporter-output>
        </test-method> <!-- testSetUp -->
        <test-method status="FAIL" signature="searchHotel()[pri:0, instance:com.glb.bootcamp.test.hotelTestSuite@57fffcd7]" name="searchHotel" duration-ms="11702" started-at="2018-03-09T06:06:20Z" finished-at="2018-03-09T06:06:32Z">
          <exception class="org.openqa.selenium.NoSuchElementException">
            <message>
              <![CDATA[no such element: Unable to locate element: {"method":"class name","selector":"start"}
  (Session info: chrome=65.0.3325.146)
  (Driver info: chromedriver=2.36.540470 (e522d04694c7ebea4ba8821272dbef4f9b818c91),platform=Windows NT 10.0.16299 x86_64) (WARNING: The server did not provide any stacktrace information)
Command duration or timeout: 0 milliseconds
For documentation on this error, please visit: http://seleniumhq.org/exceptions/no_such_element.html
Build info: version: '3.10.0', revision: '176b4a9', time: '2018-03-02T19:03:16.397Z'
System info: host: 'POE', ip: '192.168.56.1', os.name: 'Windows 10', os.arch: 'amd64', os.version: '10.0', java.version: '1.8.0_121'
Driver info: org.openqa.selenium.remote.RemoteWebDriver
Capabilities {acceptInsecureCerts: false, acceptSslCerts: false, applicationCacheEnabled: false, browserConnectionEnabled: false, browserName: chrome, chrome: {chromedriverVersion: 2.36.540470 (e522d04694c7eb..., userDataDir: C:\Users\DANIEL~1\AppData\L...}, cssSelectorsEnabled: true, databaseEnabled: false, handlesAlerts: true, hasTouchScreen: false, javascriptEnabled: true, locationContextEnabled: true, mobileEmulationEnabled: false, nativeEvents: true, networkConnectionEnabled: false, pageLoadStrategy: normal, platform: XP, platformName: XP, rotatable: false, setWindowRect: true, takesHeapSnapshot: true, takesScreenshot: true, unexpectedAlertBehaviour: , unhandledPromptBehavior: , version: 65.0.3325.146, webStorageEnabled: true, webdriver.remote.sessionid: e8c1c13abf93ff0fd0d632d604d...}
Session ID: e8c1c13abf93ff0fd0d632d604d618f8
*** Element info: {Using=class name, value=start}]]>
            </message>
            <full-stacktrace>
              <![CDATA[org.openqa.selenium.NoSuchElementException: no such element: Unable to locate element: {"method":"class name","selector":"start"}
  (Session info: chrome=65.0.3325.146)
  (Driver info: chromedriver=2.36.540470 (e522d04694c7ebea4ba8821272dbef4f9b818c91),platform=Windows NT 10.0.16299 x86_64) (WARNING: The server did not provide any stacktrace information)
Command duration or timeout: 0 milliseconds
For documentation on this error, please visit: http://seleniumhq.org/exceptions/no_such_element.html
Build info: version: '3.10.0', revision: '176b4a9', time: '2018-03-02T19:03:16.397Z'
System info: host: 'POE', ip: '192.168.56.1', os.name: 'Windows 10', os.arch: 'amd64', os.version: '10.0', java.version: '1.8.0_121'
Driver info: org.openqa.selenium.remote.RemoteWebDriver
Capabilities {acceptInsecureCerts: false, acceptSslCerts: false, applicationCacheEnabled: false, browserConnectionEnabled: false, browserName: chrome, chrome: {chromedriverVersion: 2.36.540470 (e522d04694c7eb..., userDataDir: C:\Users\DANIEL~1\AppData\L...}, cssSelectorsEnabled: true, databaseEnabled: false, handlesAlerts: true, hasTouchScreen: false, javascriptEnabled: true, locationContextEnabled: true, mobileEmulationEnabled: false, nativeEvents: true, networkConnectionEnabled: false, pageLoadStrategy: normal, platform: XP, platformName: XP, rotatable: false, setWindowRect: true, takesHeapSnapshot: true, takesScreenshot: true, unexpectedAlertBehaviour: , unhandledPromptBehavior: , version: 65.0.3325.146, webStorageEnabled: true, webdriver.remote.sessionid: e8c1c13abf93ff0fd0d632d604d...}
Session ID: e8c1c13abf93ff0fd0d632d604d618f8
*** Element info: {Using=class name, value=start}
	at sun.reflect.NativeConstructorAccessorImpl.newInstance0(Native Method)
	at sun.reflect.NativeConstructorAccessorImpl.newInstance(NativeConstructorAccessorImpl.java:62)
	at sun.reflect.DelegatingConstructorAccessorImpl.newInstance(DelegatingConstructorAccessorImpl.java:45)
	at java.lang.reflect.Constructor.newInstance(Constructor.java:423)
	at org.openqa.selenium.remote.ErrorHandler.createThrowable(ErrorHandler.java:214)
	at org.openqa.selenium.remote.ErrorHandler.throwIfResponseFailed(ErrorHandler.java:166)
	at org.openqa.selenium.remote.http.JsonHttpResponseCodec.reconstructValue(JsonHttpResponseCodec.java:40)
	at org.openqa.selenium.remote.http.AbstractHttpResponseCodec.decode(AbstractHttpResponseCodec.java:80)
	at org.openqa.selenium.remote.http.AbstractHttpResponseCodec.decode(AbstractHttpResponseCodec.java:44)
	at org.openqa.selenium.remote.HttpCommandExecutor.execute(HttpCommandExecutor.java:160)
	at org.openqa.selenium.remote.RemoteWebDriver.execute(RemoteWebDriver.java:601)
	at org.openqa.selenium.remote.RemoteWebDriver.findElement(RemoteWebDriver.java:371)
	at org.openqa.selenium.remote.RemoteWebDriver.findElementByClassName(RemoteWebDriver.java:457)
	at org.openqa.selenium.By$ByClassName.findElement(By.java:391)
	at org.openqa.selenium.remote.RemoteWebDriver.findElement(RemoteWebDriver.java:363)
	at com.glb.bootcamp.pages.HotelsSearchPage.searchHotel(HotelsSearchPage.java:49)
	at com.glb.bootcamp.test.hotelTestSuite.searchHotel(hotelTestSuite.java:17)
	at sun.reflect.NativeMethodAccessorImpl.invoke0(Native Method)
	at sun.reflect.NativeMethodAccessorImpl.invoke(NativeMethodAccessorImpl.java:62)
	at sun.reflect.DelegatingMethodAccessorImpl.invoke(DelegatingMethodAccessorImpl.java:43)
	at java.lang.reflect.Method.invoke(Method.java:498)
	at org.testng.internal.MethodInvocationHelper.invokeMethod(MethodInvocationHelper.java:86)
	at org.testng.internal.Invoker.invokeMethod(Invoker.java:643)
	at org.testng.internal.Invoker.invokeTestMethod(Invoker.java:820)
	at org.testng.internal.Invoker.invokeTestMethods(Invoker.java:1128)
	at org.testng.internal.TestMethodWorker.invokeTestMethods(TestMethodWorker.java:129)
	at org.testng.internal.TestMethodWorker.run(TestMethodWorker.java:112)
	at org.testng.TestRunner.privateRun(TestRunner.java:782)
	at org.testng.TestRunner.run(TestRunner.java:632)
	at org.testng.SuiteRunner.runTest(SuiteRunner.java:366)
	at org.testng.SuiteRunner.runSequentially(SuiteRunner.java:361)
	at org.testng.SuiteRunner.privateRun(SuiteRunner.java:319)
	at org.testng.SuiteRunner.run(SuiteRunner.java:268)
	at org.testng.SuiteRunnerWorker.runSuite(SuiteRunnerWorker.java:52)
	at org.testng.SuiteRunnerWorker.run(SuiteRunnerWorker.java:86)
	at org.testng.TestNG.runSuitesSequentially(TestNG.java:1244)
	at org.testng.TestNG.runSuitesLocally(TestNG.java:1169)
	at org.testng.TestNG.run(TestNG.java:1064)
	at org.testng.remote.AbstractRemoteTestNG.run(AbstractRemoteTestNG.java:114)
	at org.testng.remote.RemoteTestNG.initAndRun(RemoteTestNG.java:251)
	at org.testng.remote.RemoteTestNG.main(RemoteTestNG.java:77)
]]>
            </full-stacktrace>
          </exception> <!-- org.openqa.selenium.NoSuchElementException -->
          <reporter-output>
          </reporter-output>
        </test-method> <!-- searchHotel -->
        <test-method status="PASS" signature="testTearDown()[pri:0, instance:com.glb.bootcamp.test.hotelTestSuite@57fffcd7]" name="testTearDown" is-config="true" duration-ms="396" started-at="2018-03-09T06:06:32Z" finished-at="2018-03-09T06:06:32Z">
          <reporter-output>
          </reporter-output>
        </test-method> <!-- testTearDown -->
        <test-method status="PASS" signature="suiteTearDown()[pri:0, instance:com.glb.bootcamp.test.hotelTestSuite@57fffcd7]" name="suiteTearDown" is-config="true" duration-ms="719" started-at="2018-03-09T06:06:32Z" finished-at="2018-03-09T06:06:33Z">
          <reporter-output>
          </reporter-output>
        </test-method> <!-- suiteTearDown -->
      </class> <!-- com.glb.bootcamp.test.hotelTestSuite -->
    </test> <!-- Default test -->
  </suite> <!-- Default suite -->
</testng-results>
