<?xml version="1.0" encoding="UTF-8"?>
<testng-results skipped="0" failed="1" total="1" passed="0">
  <reporter-output>
  </reporter-output>
  <suite name="Default suite" duration-ms="21268" started-at="2018-03-09T01:47:33Z" finished-at="2018-03-09T01:47:54Z">
    <groups>
    </groups>
    <test name="Default test" duration-ms="21268" started-at="2018-03-09T01:47:33Z" finished-at="2018-03-09T01:47:54Z">
      <class name="com.glb.bootcamp.test.hotelTestSuite">
        <test-method status="PASS" signature="suiteSetUp()[pri:0, instance:com.glb.bootcamp.test.hotelTestSuite@57fffcd7]" name="suiteSetUp" is-config="true" duration-ms="766" started-at="2018-03-08T20:47:33Z" finished-at="2018-03-08T20:47:33Z">
          <reporter-output>
          </reporter-output>
        </test-method> <!-- suiteSetUp -->
        <test-method status="PASS" signature="testSetUp()[pri:0, instance:com.glb.bootcamp.test.hotelTestSuite@57fffcd7]" name="testSetUp" is-config="true" duration-ms="8358" started-at="2018-03-08T20:47:33Z" finished-at="2018-03-08T20:47:42Z">
          <reporter-output>
          </reporter-output>
        </test-method> <!-- testSetUp -->
        <test-method status="FAIL" signature="searchHotel()[pri:0, instance:com.glb.bootcamp.test.hotelTestSuite@57fffcd7]" name="searchHotel" duration-ms="11212" started-at="2018-03-08T20:47:42Z" finished-at="2018-03-08T20:47:53Z">
          <exception class="java.lang.IllegalArgumentException">
            <message>
              <![CDATA[Can not set java.util.ArrayList field com.glb.bootcamp.pages.HotelsSearchPage.calendars to com.sun.proxy.$Proxy16]]>
            </message>
            <full-stacktrace>
              <![CDATA[java.lang.IllegalArgumentException: Can not set java.util.ArrayList field com.glb.bootcamp.pages.HotelsSearchPage.calendars to com.sun.proxy.$Proxy16
	at sun.reflect.UnsafeFieldAccessorImpl.throwSetIllegalArgumentException(UnsafeFieldAccessorImpl.java:167)
	at sun.reflect.UnsafeFieldAccessorImpl.throwSetIllegalArgumentException(UnsafeFieldAccessorImpl.java:171)
	at sun.reflect.UnsafeObjectFieldAccessorImpl.set(UnsafeObjectFieldAccessorImpl.java:81)
	at java.lang.reflect.Field.set(Field.java:764)
	at org.openqa.selenium.support.PageFactory.proxyFields(PageFactory.java:117)
	at org.openqa.selenium.support.PageFactory.initElements(PageFactory.java:105)
	at org.openqa.selenium.support.PageFactory.initElements(PageFactory.java:92)
	at org.openqa.selenium.support.PageFactory.initElements(PageFactory.java:79)
	at com.glb.bootcamp.pageobject.PageObjectBase.<init>(PageObjectBase.java:20)
	at com.glb.bootcamp.pages.HotelsSearchPage.<init>(HotelsSearchPage.java:36)
	at com.glb.bootcamp.pages.LandingPage.goToHotelsPage(LandingPage.java:18)
	at com.glb.bootcamp.test.hotelTestSuite.searchHotel(hotelTestSuite.java:16)
	at sun.reflect.NativeMethodAccessorImpl.invoke0(Native Method)
	at sun.reflect.NativeMethodAccessorImpl.invoke(NativeMethodAccessorImpl.java:62)
	at sun.reflect.DelegatingMethodAccessorImpl.invoke(DelegatingMethodAccessorImpl.java:43)
	at java.lang.reflect.Method.invoke(Method.java:498)
	at org.testng.internal.MethodInvocationHelper.invokeMethod(MethodInvocationHelper.java:86)
	at org.testng.internal.Invoker.invokeMethod(Invoker.java:643)
	at org.testng.internal.Invoker.invokeTestMethod(Invoker.java:820)
	at org.testng.internal.Invoker.invokeTestMethods(Invoker.java:1128)
	at org.testng.internal.TestMethodWorker.invokeTestMethods(TestMethodWorker.java:129)
	at org.testng.internal.TestMethodWorker.run(TestMethodWorker.java:112)
	at org.testng.TestRunner.privateRun(TestRunner.java:782)
	at org.testng.TestRunner.run(TestRunner.java:632)
	at org.testng.SuiteRunner.runTest(SuiteRunner.java:366)
	at org.testng.SuiteRunner.runSequentially(SuiteRunner.java:361)
	at org.testng.SuiteRunner.privateRun(SuiteRunner.java:319)
	at org.testng.SuiteRunner.run(SuiteRunner.java:268)
	at org.testng.SuiteRunnerWorker.runSuite(SuiteRunnerWorker.java:52)
	at org.testng.SuiteRunnerWorker.run(SuiteRunnerWorker.java:86)
	at org.testng.TestNG.runSuitesSequentially(TestNG.java:1244)
	at org.testng.TestNG.runSuitesLocally(TestNG.java:1169)
	at org.testng.TestNG.run(TestNG.java:1064)
	at org.testng.remote.AbstractRemoteTestNG.run(AbstractRemoteTestNG.java:114)
	at org.testng.remote.RemoteTestNG.initAndRun(RemoteTestNG.java:251)
	at org.testng.remote.RemoteTestNG.main(RemoteTestNG.java:77)
]]>
            </full-stacktrace>
          </exception> <!-- java.lang.IllegalArgumentException -->
          <reporter-output>
          </reporter-output>
        </test-method> <!-- searchHotel -->
        <test-method status="PASS" signature="testTearDown()[pri:0, instance:com.glb.bootcamp.test.hotelTestSuite@57fffcd7]" name="testTearDown" is-config="true" duration-ms="256" started-at="2018-03-08T20:47:53Z" finished-at="2018-03-08T20:47:53Z">
          <reporter-output>
          </reporter-output>
        </test-method> <!-- testTearDown -->
        <test-method status="PASS" signature="suiteTearDown()[pri:0, instance:com.glb.bootcamp.test.hotelTestSuite@57fffcd7]" name="suiteTearDown" is-config="true" duration-ms="650" started-at="2018-03-08T20:47:53Z" finished-at="2018-03-08T20:47:54Z">
          <reporter-output>
          </reporter-output>
        </test-method> <!-- suiteTearDown -->
      </class> <!-- com.glb.bootcamp.test.hotelTestSuite -->
    </test> <!-- Default test -->
  </suite> <!-- Default suite -->
</testng-results>
